# JRE version: Java(TM) SE Runtime Environment (8.0_102-b14) (build 1.8.0_102-b14)
# Java VM: Java HotSpot(TM) 64-Bit Server VM (25.102-b14 mixed mode bsd-amd64 compressed oops)
Heap:
 PSYoungGen      total 31744K, used 7666K [0x000000076ab00000, 0x000000076eb00000, 0x00000007c0000000)
  eden space 31232K, 24% used [0x000000076ab00000,0x000000076b254ac0,0x000000076c980000)
  from space 512K, 31% used [0x000000076ea00000,0x000000076ea28000,0x000000076ea80000)
  to   space 512K, 0% used [0x000000076ea80000,0x000000076ea80000,0x000000076eb00000)
 ParOldGen       total 175104K, used 835K [0x00000006c0000000, 0x00000006cab00000, 0x000000076ab00000)
  object space 175104K, 0% used [0x00000006c0000000,0x00000006c00d0d30,0x00000006cab00000)
 Metaspace       used 4527K, capacity 5094K, committed 5248K, reserved 1056768K
  class space    used 504K, capacity 529K, committed 640K, reserved 1048576K
GC Heap History (10 events):
Event: 278293.319 GC heap before
{Heap before GC invocations=913 (full 0):
 PSYoungGen      total 31744K, used 31360K [0x000000076ab00000, 0x000000076eb00000, 0x00000007c0000000)
  eden space 31232K, 100% used [0x000000076ab00000,0x000000076c980000,0x000000076c980000)
  from space 512K, 25% used [0x000000076ea80000,0x000000076eaa0000,0x000000076eb00000)
  to   space 512K, 0% used [0x000000076ea00000,0x000000076ea00000,0x000000076ea80000)
 ParOldGen       total 175104K, used 835K [0x00000006c0000000, 0x00000006cab00000, 0x000000076ab00000)
  object space 175104K, 0% used [0x00000006c0000000,0x00000006c00d0d30,0x00000006cab00000)
 Metaspace       used 4527K, capacity 5094K, committed 5248K, reserved 1056768K
  class space    used 504K, capacity 529K, committed 640K, reserved 1048576K
Event: 278293.319 GC heap after
Heap after GC invocations=913 (full 0):
 PSYoungGen      total 31744K, used 96K [0x000000076ab00000, 0x000000076eb00000, 0x00000007c0000000)
  eden space 31232K, 0% used [0x000000076ab00000,0x000000076ab00000,0x000000076c980000)
  from space 512K, 18% used [0x000000076ea00000,0x000000076ea18000,0x000000076ea80000)
  to   space 512K, 0% used [0x000000076ea80000,0x000000076ea80000,0x000000076eb00000)
 ParOldGen       total 175104K, used 835K [0x00000006c0000000, 0x00000006cab00000, 0x000000076ab00000)
  object space 175104K, 0% used [0x00000006c0000000,0x00000006c00d0d30,0x00000006cab00000)
 Metaspace       used 4527K, capacity 5094K, committed 5248K, reserved 1056768K
  class space    used 504K, capacity 529K, committed 640K, reserved 1048576K
}
Event: 278498.531 GC heap before
{Heap before GC invocations=914 (full 0):
 PSYoungGen      total 31744K, used 31328K [0x000000076ab00000, 0x000000076eb00000, 0x00000007c0000000)
  eden space 31232K, 100% used [0x000000076ab00000,0x000000076c980000,0x000000076c980000)
  from space 512K, 18% used [0x000000076ea00000,0x000000076ea18000,0x000000076ea80000)
  to   space 512K, 0% used [0x000000076ea80000,0x000000076ea80000,0x000000076eb00000)
 ParOldGen       total 175104K, used 835K [0x00000006c0000000, 0x00000006cab00000, 0x000000076ab00000)
  object space 175104K, 0% used [0x00000006c0000000,0x00000006c00d0d30,0x00000006cab00000)
 Metaspace       used 4527K, capacity 5094K, committed 5248K, reserved 1056768K
  class space    used 504K, capacity 529K, committed 640K, reserved 1048576K
Event: 278498.532 GC heap after
Heap after GC invocations=914 (full 0):
 PSYoungGen      total 31744K, used 96K [0x000000076ab00000, 0x000000076eb00000, 0x00000007c0000000)
  eden space 31232K, 0% used [0x000000076ab00000,0x000000076ab00000,0x000000076c980000)
  from space 512K, 18% used [0x000000076ea80000,0x000000076ea98000,0x000000076eb00000)
  to   space 512K, 0% used [0x000000076ea00000,0x000000076ea00000,0x000000076ea80000)
 ParOldGen       total 175104K, used 835K [0x00000006c0000000, 0x00000006cab00000, 0x000000076ab00000)
  object space 175104K, 0% used [0x00000006c0000000,0x00000006c00d0d30,0x00000006cab00000)
 Metaspace       used 4527K, capacity 5094K, committed 5248K, reserved 1056768K
  class space    used 504K, capacity 529K, committed 640K, reserved 1048576K
}
Event: 278703.660 GC heap before
{Heap before GC invocations=915 (full 0):
 PSYoungGen      total 31744K, used 31328K [0x000000076ab00000, 0x000000076eb00000, 0x00000007c0000000)
  eden space 31232K, 100% used [0x000000076ab00000,0x000000076c980000,0x000000076c980000)
  from space 512K, 18% used [0x000000076ea80000,0x000000076ea98000,0x000000076eb00000)
  to   space 512K, 0% used [0x000000076ea00000,0x000000076ea00000,0x000000076ea80000)
 ParOldGen       total 175104K, used 835K [0x00000006c0000000, 0x00000006cab00000, 0x000000076ab00000)
  object space 175104K, 0% used [0x00000006c0000000,0x00000006c00d0d30,0x00000006cab00000)
 Metaspace       used 4527K, capacity 5094K, committed 5248K, reserved 1056768K
  class space    used 504K, capacity 529K, committed 640K, reserved 1048576K
Event: 278703.660 GC heap after
Heap after GC invocations=915 (full 0):
 PSYoungGen      total 31744K, used 160K [0x000000076ab00000, 0x000000076eb00000, 0x00000007c0000000)
  eden space 31232K, 0% used [0x000000076ab00000,0x000000076ab00000,0x000000076c980000)
  from space 512K, 31% used [0x000000076ea00000,0x000000076ea28000,0x000000076ea80000)
  to   space 512K, 0% used [0x000000076ea80000,0x000000076ea80000,0x000000076eb00000)
 ParOldGen       total 175104K, used 835K [0x00000006c0000000, 0x00000006cab00000, 0x000000076ab00000)
  object space 175104K, 0% used [0x00000006c0000000,0x00000006c00d0d30,0x00000006cab00000)
 Metaspace       used 4527K, capacity 5094K, committed 5248K, reserved 1056768K
  class space    used 504K, capacity 529K, committed 640K, reserved 1048576K
}
Event: 278909.825 GC heap before
{Heap before GC invocations=916 (full 0):
 PSYoungGen      total 31744K, used 31392K [0x000000076ab00000, 0x000000076eb00000, 0x00000007c0000000)
  eden space 31232K, 100% used [0x000000076ab00000,0x000000076c980000,0x000000076c980000)
  from space 512K, 31% used [0x000000076ea00000,0x000000076ea28000,0x000000076ea80000)
  to   space 512K, 0% used [0x000000076ea80000,0x000000076ea80000,0x000000076eb00000)
 ParOldGen       total 175104K, used 835K [0x00000006c0000000, 0x00000006cab00000, 0x000000076ab00000)
  object space 175104K, 0% used [0x00000006c0000000,0x00000006c00d0d30,0x00000006cab00000)
 Metaspace       used 4527K, capacity 5094K, committed 5248K, reserved 1056768K
  class space    used 504K, capacity 529K, committed 640K, reserved 1048576K
Event: 278909.825 GC heap after
Heap after GC invocations=916 (full 0):
 PSYoungGen      total 31744K, used 96K [0x000000076ab00000, 0x000000076eb00000, 0x00000007c0000000)
  eden space 31232K, 0% used [0x000000076ab00000,0x000000076ab00000,0x000000076c980000)
  from space 512K, 18% used [0x000000076ea80000,0x000000076ea98000,0x000000076eb00000)
  to   space 512K, 0% used [0x000000076ea00000,0x000000076ea00000,0x000000076ea80000)
 ParOldGen       total 175104K, used 835K [0x00000006c0000000, 0x00000006cab00000, 0x000000076ab00000)
  object space 175104K, 0% used [0x00000006c0000000,0x00000006c00d0d30,0x00000006cab00000)
 Metaspace       used 4527K, capacity 5094K, committed 5248K, reserved 1056768K
  class space    used 504K, capacity 529K, committed 640K, reserved 1048576K
}
Event: 279115.057 GC heap before
{Heap before GC invocations=917 (full 0):
 PSYoungGen      total 31744K, used 31328K [0x000000076ab00000, 0x000000076eb00000, 0x00000007c0000000)
  eden space 31232K, 100% used [0x000000076ab00000,0x000000076c980000,0x000000076c980000)
  from space 512K, 18% used [0x000000076ea80000,0x000000076ea98000,0x000000076eb00000)
  to   space 512K, 0% used [0x000000076ea00000,0x000000076ea00000,0x000000076ea80000)
 ParOldGen       total 175104K, used 835K [0x00000006c0000000, 0x00000006cab00000, 0x000000076ab00000)
  object space 175104K, 0% used [0x00000006c0000000,0x00000006c00d0d30,0x00000006cab00000)
 Metaspace       used 4527K, capacity 5094K, committed 5248K, reserved 1056768K
  class space    used 504K, capacity 529K, committed 640K, reserved 1048576K
Event: 279115.057 GC heap after
Heap after GC invocations=917 (full 0):
 PSYoungGen      total 31744K, used 160K [0x000000076ab00000, 0x000000076eb00000, 0x00000007c0000000)
  eden space 31232K, 0% used [0x000000076ab00000,0x000000076ab00000,0x000000076c980000)
  from space 512K, 31% used [0x000000076ea00000,0x000000076ea28000,0x000000076ea80000)
  to   space 512K, 0% used [0x000000076ea80000,0x000000076ea80000,0x000000076eb00000)
 ParOldGen       total 175104K, used 835K [0x00000006c0000000, 0x00000006cab00000, 0x000000076ab00000)
  object space 175104K, 0% used [0x00000006c0000000,0x00000006c00d0d30,0x00000006cab00000)
 Metaspace       used 4527K, capacity 5094K, committed 5248K, reserved 1056768K
  class space    used 504K, capacity 529K, committed 640K, reserved 1048576K
}

